<!DOCTYPE html PUBLIC "-//W3C//DTD XHTML 1.1//EN" "http://www.w3.org/TR/xhtml11/DTD/xhtml11.dtd">
<html xmlns="http://www.w3.org/1999/xhtml"><head><title>TestNG Report</title><style type="text/css">table {margin-bottom:10px;border-collapse:collapse;empty-cells:show}th,td {border:1px solid #009;padding:.25em .5em}th {vertical-align:bottom}td {vertical-align:top}table a {font-weight:bold}.stripe td {background-color: #E6EBF9}.num {text-align:right}.passedodd td {background-color: #3F3}.passedeven td {background-color: #0A0}.skippedodd td {background-color: #DDD}.skippedeven td {background-color: #CCC}.failedodd td,.attn {background-color: #F33}.failedeven td,.stripe .attn {background-color: #D00}.stacktrace {white-space:pre;font-family:monospace}.totop {font-size:85%;text-align:center;border-bottom:2px solid #000}</style></head><body><table><tr><th>Test</th><th># Passed</th><th># Skipped</th><th># Failed</th><th>Time (ms)</th><th>Included Groups</th><th>Excluded Groups</th></tr><tr><th colspan="7">Suite</th></tr><tr><td><a href="#t0">TestInChrome</a></td><td class="num">2</td><td class="num">0</td><td class="num">0</td><td class="num">23 491</td><td></td><td></td></tr><tr class="stripe"><td><a href="#t1">TestInFirefox</a></td><td class="num">9</td><td class="num attn">2</td><td class="num">0</td><td class="num">91 677</td><td></td><td></td></tr><tr><th>Total</th><th class="num">11</th><th class="num attn">2</th><th class="num">0</th><th class="num">115 168</th><th colspan="2"></th></tr></table><table><thead><tr><th>Class</th><th>Method</th><th>Start</th><th>Time (ms)</th></tr></thead><tbody><tr><th colspan="4">Suite</th></tr></tbody><tbody id="t0"><tr><th colspan="4">TestInChrome &#8212; passed</th></tr><tr class="passedeven"><td rowspan="2">swd_tests_yandex_mail_page_object.ActionWithTargets</td><td><a href="#m0">checkCleanSpam</a></td><td rowspan="1">1499636960703</td><td rowspan="1">3453</td></tr><tr class="passedeven"><td><a href="#m1">checkMoveInSpam</a></td><td rowspan="1">1499636960462</td><td rowspan="1">105</td></tr></tbody><tbody id="t1"><tr><th colspan="4">TestInFirefox &#8212; failed (configuration methods)</th></tr><tr class="failedeven"><td rowspan="1">swd_tests_yandex_mail_page_object.YandexSimpleTests</td><td><a href="#m2">logoutFromYandexMail</a></td><td rowspan="1">1499637021222</td><td rowspan="1">0</td></tr><tr><th colspan="4">TestInFirefox &#8212; skipped</th></tr><tr class="skippedeven"><td rowspan="2">swd_tests_yandex_mail_page_object.YandexSimpleTests</td><td><a href="#m3">checkLogOut1</a></td><td rowspan="1">1499637032608</td><td rowspan="1">0</td></tr><tr class="skippedeven"><td><a href="#m4">checkLogOut2</a></td><td rowspan="1">1499637032611</td><td rowspan="1">1</td></tr><tr><th colspan="4">TestInFirefox &#8212; passed</th></tr><tr class="passedeven"><td rowspan="9">swd_tests_yandex_mail_page_object.YandexSimpleTests</td><td><a href="#m5">checkDeleteAllLetter</a></td><td rowspan="1">1499637019557</td><td rowspan="1">1664</td></tr><tr class="passedeven"><td><a href="#m6">checkLoginToYandex</a></td><td rowspan="1">1499636966255</td><td rowspan="1">6003</td></tr><tr class="passedeven"><td><a href="#m7">checkSendAllLetter</a></td><td rowspan="1">1499637018053</td><td rowspan="1">102</td></tr><tr class="passedeven"><td><a href="#m8">checkSendCurrentLetter</a></td><td rowspan="2">1499636984713</td><td rowspan="2">16494</td></tr><tr class="passedeven"><td><a href="#m9">checkSendCurrentLetter</a></td></tr><tr class="passedeven"><td><a href="#m10">checkSentMessages</a></td><td rowspan="2">1499637018435</td><td rowspan="2">863</td></tr><tr class="passedeven"><td><a href="#m11">checkSentMessages</a></td></tr><tr class="passedeven"><td><a href="#m12">checkWriteSaveLetter</a></td><td rowspan="2">1499636972267</td><td rowspan="2">6882</td></tr><tr class="passedeven"><td><a href="#m13">checkWriteSaveLetter</a></td></tr></tbody></table><h2>TestInChrome</h2><h3 id="m0">swd_tests_yandex_mail_page_object.ActionWithTargets#checkCleanSpam</h3><table class="result"></table><p class="totop"><a href="#summary">back to summary</a></p><h3 id="m1">swd_tests_yandex_mail_page_object.ActionWithTargets#checkMoveInSpam</h3><table class="result"></table><p class="totop"><a href="#summary">back to summary</a></p><h2>TestInFirefox</h2><h3 id="m2">swd_tests_yandex_mail_page_object.YandexSimpleTests#logoutFromYandexMail</h3><table class="result"><tr><th>Exception</th></tr><tr><td><div class="stacktrace">org.openqa.selenium.NoSuchElementException: Unable to locate element: {&quot;method&quot;:&quot;xpath&quot;,&quot;selector&quot;:&quot;//div[@class = &apos;b-mail-dropdown__item&apos;][6]/a&quot;}
For documentation on this error, please visit: http://seleniumhq.org/exceptions/no_such_element.html
Build info: version: &apos;2.53.1&apos;, revision: &apos;a36b8b1&apos;, time: &apos;2016-06-30 17:37:03&apos;
System info: host: &apos;Kaligor-PC&apos;, ip: &apos;192.168.1.108&apos;, os.name: &apos;Windows 8.1&apos;, os.arch: &apos;amd64&apos;, os.version: &apos;6.3&apos;, java.version: &apos;1.8.0_131&apos;
Driver info: driver.version: unknown
Command duration or timeout: 10.57 seconds
For documentation on this error, please visit: http://seleniumhq.org/exceptions/no_such_element.html
Build info: version: &apos;2.53.1&apos;, revision: &apos;a36b8b1cd5757287168e54b817830adce9b0158d&apos;, time: &apos;2016-06-30 19:26:09&apos;
System info: host: &apos;Kaligor-PC&apos;, ip: &apos;192.168.1.108&apos;, os.name: &apos;Windows 8.1&apos;, os.arch: &apos;amd64&apos;, os.version: &apos;6.3&apos;, java.version: &apos;1.8.0_131&apos;
Driver info: org.openqa.selenium.remote.RemoteWebDriver
Capabilities [{applicationCacheEnabled=true, rotatable=false, handlesAlerts=true, databaseEnabled=true, version=45.9.0, platform=WINDOWS, nativeEvents=false, acceptSslCerts=true, webdriver.remote.sessionid=3f12f138-b407-40f4-b397-c78b0080559d, webStorageEnabled=true, locationContextEnabled=true, browserName=firefox, takesScreenshot=true, javascriptEnabled=true, cssSelectorsEnabled=true}]
Session ID: 3f12f138-b407-40f4-b397-c78b0080559d
*** Element info: {Using=xpath, value=//div[@class = &apos;b-mail-dropdown__item&apos;][6]/a}
	at org.openqa.selenium.remote.ErrorHandler.createThrowable(ErrorHandler.java:206)
	at org.openqa.selenium.remote.ErrorHandler.throwIfResponseFailed(ErrorHandler.java:158)
	at org.openqa.selenium.remote.RemoteWebDriver.execute(RemoteWebDriver.java:678)
	at org.openqa.selenium.remote.RemoteWebDriver.findElement(RemoteWebDriver.java:363)
	at org.openqa.selenium.remote.RemoteWebDriver.findElementByXPath(RemoteWebDriver.java:500)
	at org.openqa.selenium.By$ByXPath.findElement(By.java:361)
	at org.openqa.selenium.remote.RemoteWebDriver.findElement(RemoteWebDriver.java:355)
	at org.openqa.selenium.support.pagefactory.DefaultElementLocator.findElement(DefaultElementLocator.java:69)
	at org.openqa.selenium.support.pagefactory.internal.LocatingElementHandler.invoke(LocatingElementHandler.java:38)
	at com.sun.proxy.$Proxy10.click(Unknown Source)
	at pages.YandexCommonPageField.logOut(YandexCommonPageField.java:49)
	at swd_tests_yandex_mail_page_object.YandexSimpleTests.logoutFromYandexMail(YandexSimpleTests.java:31)
	at java.util.concurrent.ThreadPoolExecutor.runWorker(ThreadPoolExecutor.java:1142)
	at java.util.concurrent.ThreadPoolExecutor$Worker.run(ThreadPoolExecutor.java:617)
	at java.lang.Thread.run(Thread.java:748)
Caused by: org.openqa.selenium.remote.ScreenshotException: Screen shot has been taken
Build info: version: &apos;2.53.1&apos;, revision: &apos;a36b8b1cd5757287168e54b817830adce9b0158d&apos;, time: &apos;2016-06-30 19:26:09&apos;
System info: host: &apos;Kaligor-PC&apos;, ip: &apos;192.168.1.108&apos;, os.name: &apos;Windows 8.1&apos;, os.arch: &apos;amd64&apos;, os.version: &apos;6.3&apos;, java.version: &apos;1.8.0_131&apos;
Driver info: driver.version: RemoteWebDriver
	at org.openqa.selenium.remote.ErrorHandler.throwIfResponseFailed(ErrorHandler.java:138)
	... 27 more
Caused by: org.openqa.selenium.NoSuchElementException: Unable to locate element: {&quot;method&quot;:&quot;xpath&quot;,&quot;selector&quot;:&quot;//div[@class = &apos;b-mail-dropdown__item&apos;][6]/a&quot;}
For documentation on this error, please visit: http://seleniumhq.org/exceptions/no_such_element.html
Build info: version: &apos;2.53.1&apos;, revision: &apos;a36b8b1&apos;, time: &apos;2016-06-30 17:37:03&apos;
System info: host: &apos;Kaligor-PC&apos;, ip: &apos;192.168.1.108&apos;, os.name: &apos;Windows 8.1&apos;, os.arch: &apos;amd64&apos;, os.version: &apos;6.3&apos;, java.version: &apos;1.8.0_131&apos;
Driver info: driver.version: unknown
For documentation on this error, please visit: http://seleniumhq.org/exceptions/no_such_element.html
Build info: version: &apos;2.53.1&apos;, revision: &apos;a36b8b1cd5757287168e54b817830adce9b0158d&apos;, time: &apos;2016-06-30 19:26:09&apos;
System info: host: &apos;Kaligor-PC&apos;, ip: &apos;192.168.1.108&apos;, os.name: &apos;Windows 8.1&apos;, os.arch: &apos;amd64&apos;, os.version: &apos;6.3&apos;, java.version: &apos;1.8.0_131&apos;
Driver info: driver.version: unknown
	at &lt;anonymous class&gt;.FirefoxDriver.prototype.findElementInternal_(file:///C:/Users/Kaligor/AppData/Local/Temp/anonymous7273119934062781285webdriver-profile/extensions/fxdriver@googlecode.com/components/driver-component.js:10770)
	at &lt;anonymous class&gt;.fxdriver.Timer.prototype.setTimeout/&lt;.notify(file:///C:/Users/Kaligor/AppData/Local/Temp/anonymous7273119934062781285webdriver-profile/extensions/fxdriver@googlecode.com/components/driver-component.js:625)
... Removed 18 stack frames</div></td></tr></table><p class="totop"><a href="#summary">back to summary</a></p><h3 id="m3">swd_tests_yandex_mail_page_object.YandexSimpleTests#checkLogOut1</h3><table class="result"><tr><th>Exception</th></tr><tr><td><div class="stacktrace">org.openqa.selenium.NoSuchElementException: Unable to locate element: {&quot;method&quot;:&quot;xpath&quot;,&quot;selector&quot;:&quot;//div[@class = &apos;b-mail-dropdown__item&apos;][6]/a&quot;}
For documentation on this error, please visit: http://seleniumhq.org/exceptions/no_such_element.html
Build info: version: &apos;2.53.1&apos;, revision: &apos;a36b8b1&apos;, time: &apos;2016-06-30 17:37:03&apos;
System info: host: &apos;Kaligor-PC&apos;, ip: &apos;192.168.1.108&apos;, os.name: &apos;Windows 8.1&apos;, os.arch: &apos;amd64&apos;, os.version: &apos;6.3&apos;, java.version: &apos;1.8.0_131&apos;
Driver info: driver.version: unknown
Command duration or timeout: 10.57 seconds
For documentation on this error, please visit: http://seleniumhq.org/exceptions/no_such_element.html
Build info: version: &apos;2.53.1&apos;, revision: &apos;a36b8b1cd5757287168e54b817830adce9b0158d&apos;, time: &apos;2016-06-30 19:26:09&apos;
System info: host: &apos;Kaligor-PC&apos;, ip: &apos;192.168.1.108&apos;, os.name: &apos;Windows 8.1&apos;, os.arch: &apos;amd64&apos;, os.version: &apos;6.3&apos;, java.version: &apos;1.8.0_131&apos;
Driver info: org.openqa.selenium.remote.RemoteWebDriver
Capabilities [{applicationCacheEnabled=true, rotatable=false, handlesAlerts=true, databaseEnabled=true, version=45.9.0, platform=WINDOWS, nativeEvents=false, acceptSslCerts=true, webdriver.remote.sessionid=3f12f138-b407-40f4-b397-c78b0080559d, webStorageEnabled=true, locationContextEnabled=true, browserName=firefox, takesScreenshot=true, javascriptEnabled=true, cssSelectorsEnabled=true}]
Session ID: 3f12f138-b407-40f4-b397-c78b0080559d
*** Element info: {Using=xpath, value=//div[@class = &apos;b-mail-dropdown__item&apos;][6]/a}
	at org.openqa.selenium.remote.ErrorHandler.createThrowable(ErrorHandler.java:206)
	at org.openqa.selenium.remote.ErrorHandler.throwIfResponseFailed(ErrorHandler.java:158)
	at org.openqa.selenium.remote.RemoteWebDriver.execute(RemoteWebDriver.java:678)
	at org.openqa.selenium.remote.RemoteWebDriver.findElement(RemoteWebDriver.java:363)
	at org.openqa.selenium.remote.RemoteWebDriver.findElementByXPath(RemoteWebDriver.java:500)
	at org.openqa.selenium.By$ByXPath.findElement(By.java:361)
	at org.openqa.selenium.remote.RemoteWebDriver.findElement(RemoteWebDriver.java:355)
	at org.openqa.selenium.support.pagefactory.DefaultElementLocator.findElement(DefaultElementLocator.java:69)
	at org.openqa.selenium.support.pagefactory.internal.LocatingElementHandler.invoke(LocatingElementHandler.java:38)
	at com.sun.proxy.$Proxy10.click(Unknown Source)
	at pages.YandexCommonPageField.logOut(YandexCommonPageField.java:49)
	at swd_tests_yandex_mail_page_object.YandexSimpleTests.logoutFromYandexMail(YandexSimpleTests.java:31)
	at java.util.concurrent.ThreadPoolExecutor.runWorker(ThreadPoolExecutor.java:1142)
	at java.util.concurrent.ThreadPoolExecutor$Worker.run(ThreadPoolExecutor.java:617)
	at java.lang.Thread.run(Thread.java:748)
Caused by: org.openqa.selenium.remote.ScreenshotException: Screen shot has been taken
Build info: version: &apos;2.53.1&apos;, revision: &apos;a36b8b1cd5757287168e54b817830adce9b0158d&apos;, time: &apos;2016-06-30 19:26:09&apos;
System info: host: &apos;Kaligor-PC&apos;, ip: &apos;192.168.1.108&apos;, os.name: &apos;Windows 8.1&apos;, os.arch: &apos;amd64&apos;, os.version: &apos;6.3&apos;, java.version: &apos;1.8.0_131&apos;
Driver info: driver.version: RemoteWebDriver
	at org.openqa.selenium.remote.ErrorHandler.throwIfResponseFailed(ErrorHandler.java:138)
	... 27 more
Caused by: org.openqa.selenium.NoSuchElementException: Unable to locate element: {&quot;method&quot;:&quot;xpath&quot;,&quot;selector&quot;:&quot;//div[@class = &apos;b-mail-dropdown__item&apos;][6]/a&quot;}
For documentation on this error, please visit: http://seleniumhq.org/exceptions/no_such_element.html
Build info: version: &apos;2.53.1&apos;, revision: &apos;a36b8b1&apos;, time: &apos;2016-06-30 17:37:03&apos;
System info: host: &apos;Kaligor-PC&apos;, ip: &apos;192.168.1.108&apos;, os.name: &apos;Windows 8.1&apos;, os.arch: &apos;amd64&apos;, os.version: &apos;6.3&apos;, java.version: &apos;1.8.0_131&apos;
Driver info: driver.version: unknown
For documentation on this error, please visit: http://seleniumhq.org/exceptions/no_such_element.html
Build info: version: &apos;2.53.1&apos;, revision: &apos;a36b8b1cd5757287168e54b817830adce9b0158d&apos;, time: &apos;2016-06-30 19:26:09&apos;
System info: host: &apos;Kaligor-PC&apos;, ip: &apos;192.168.1.108&apos;, os.name: &apos;Windows 8.1&apos;, os.arch: &apos;amd64&apos;, os.version: &apos;6.3&apos;, java.version: &apos;1.8.0_131&apos;
Driver info: driver.version: unknown
	at &lt;anonymous class&gt;.FirefoxDriver.prototype.findElementInternal_(file:///C:/Users/Kaligor/AppData/Local/Temp/anonymous7273119934062781285webdriver-profile/extensions/fxdriver@googlecode.com/components/driver-component.js:10770)
	at &lt;anonymous class&gt;.fxdriver.Timer.prototype.setTimeout/&lt;.notify(file:///C:/Users/Kaligor/AppData/Local/Temp/anonymous7273119934062781285webdriver-profile/extensions/fxdriver@googlecode.com/components/driver-component.js:625)
... Removed 18 stack frames</div></td></tr></table><p class="totop"><a href="#summary">back to summary</a></p><h3 id="m4">swd_tests_yandex_mail_page_object.YandexSimpleTests#checkLogOut2</h3><table class="result"><tr><th>Exception</th></tr><tr><td><div class="stacktrace">org.openqa.selenium.NoSuchElementException: Unable to locate element: {&quot;method&quot;:&quot;xpath&quot;,&quot;selector&quot;:&quot;//div[@class = &apos;b-mail-dropdown__item&apos;][6]/a&quot;}
For documentation on this error, please visit: http://seleniumhq.org/exceptions/no_such_element.html
Build info: version: &apos;2.53.1&apos;, revision: &apos;a36b8b1&apos;, time: &apos;2016-06-30 17:37:03&apos;
System info: host: &apos;Kaligor-PC&apos;, ip: &apos;192.168.1.108&apos;, os.name: &apos;Windows 8.1&apos;, os.arch: &apos;amd64&apos;, os.version: &apos;6.3&apos;, java.version: &apos;1.8.0_131&apos;
Driver info: driver.version: unknown
Command duration or timeout: 10.57 seconds
For documentation on this error, please visit: http://seleniumhq.org/exceptions/no_such_element.html
Build info: version: &apos;2.53.1&apos;, revision: &apos;a36b8b1cd5757287168e54b817830adce9b0158d&apos;, time: &apos;2016-06-30 19:26:09&apos;
System info: host: &apos;Kaligor-PC&apos;, ip: &apos;192.168.1.108&apos;, os.name: &apos;Windows 8.1&apos;, os.arch: &apos;amd64&apos;, os.version: &apos;6.3&apos;, java.version: &apos;1.8.0_131&apos;
Driver info: org.openqa.selenium.remote.RemoteWebDriver
Capabilities [{applicationCacheEnabled=true, rotatable=false, handlesAlerts=true, databaseEnabled=true, version=45.9.0, platform=WINDOWS, nativeEvents=false, acceptSslCerts=true, webdriver.remote.sessionid=3f12f138-b407-40f4-b397-c78b0080559d, webStorageEnabled=true, locationContextEnabled=true, browserName=firefox, takesScreenshot=true, javascriptEnabled=true, cssSelectorsEnabled=true}]
Session ID: 3f12f138-b407-40f4-b397-c78b0080559d
*** Element info: {Using=xpath, value=//div[@class = &apos;b-mail-dropdown__item&apos;][6]/a}
	at org.openqa.selenium.remote.ErrorHandler.createThrowable(ErrorHandler.java:206)
	at org.openqa.selenium.remote.ErrorHandler.throwIfResponseFailed(ErrorHandler.java:158)
	at org.openqa.selenium.remote.RemoteWebDriver.execute(RemoteWebDriver.java:678)
	at org.openqa.selenium.remote.RemoteWebDriver.findElement(RemoteWebDriver.java:363)
	at org.openqa.selenium.remote.RemoteWebDriver.findElementByXPath(RemoteWebDriver.java:500)
	at org.openqa.selenium.By$ByXPath.findElement(By.java:361)
	at org.openqa.selenium.remote.RemoteWebDriver.findElement(RemoteWebDriver.java:355)
	at org.openqa.selenium.support.pagefactory.DefaultElementLocator.findElement(DefaultElementLocator.java:69)
	at org.openqa.selenium.support.pagefactory.internal.LocatingElementHandler.invoke(LocatingElementHandler.java:38)
	at com.sun.proxy.$Proxy10.click(Unknown Source)
	at pages.YandexCommonPageField.logOut(YandexCommonPageField.java:49)
	at swd_tests_yandex_mail_page_object.YandexSimpleTests.logoutFromYandexMail(YandexSimpleTests.java:31)
	at java.util.concurrent.ThreadPoolExecutor.runWorker(ThreadPoolExecutor.java:1142)
	at java.util.concurrent.ThreadPoolExecutor$Worker.run(ThreadPoolExecutor.java:617)
	at java.lang.Thread.run(Thread.java:748)
Caused by: org.openqa.selenium.remote.ScreenshotException: Screen shot has been taken
Build info: version: &apos;2.53.1&apos;, revision: &apos;a36b8b1cd5757287168e54b817830adce9b0158d&apos;, time: &apos;2016-06-30 19:26:09&apos;
System info: host: &apos;Kaligor-PC&apos;, ip: &apos;192.168.1.108&apos;, os.name: &apos;Windows 8.1&apos;, os.arch: &apos;amd64&apos;, os.version: &apos;6.3&apos;, java.version: &apos;1.8.0_131&apos;
Driver info: driver.version: RemoteWebDriver
	at org.openqa.selenium.remote.ErrorHandler.throwIfResponseFailed(ErrorHandler.java:138)
	... 27 more
Caused by: org.openqa.selenium.NoSuchElementException: Unable to locate element: {&quot;method&quot;:&quot;xpath&quot;,&quot;selector&quot;:&quot;//div[@class = &apos;b-mail-dropdown__item&apos;][6]/a&quot;}
For documentation on this error, please visit: http://seleniumhq.org/exceptions/no_such_element.html
Build info: version: &apos;2.53.1&apos;, revision: &apos;a36b8b1&apos;, time: &apos;2016-06-30 17:37:03&apos;
System info: host: &apos;Kaligor-PC&apos;, ip: &apos;192.168.1.108&apos;, os.name: &apos;Windows 8.1&apos;, os.arch: &apos;amd64&apos;, os.version: &apos;6.3&apos;, java.version: &apos;1.8.0_131&apos;
Driver info: driver.version: unknown
For documentation on this error, please visit: http://seleniumhq.org/exceptions/no_such_element.html
Build info: version: &apos;2.53.1&apos;, revision: &apos;a36b8b1cd5757287168e54b817830adce9b0158d&apos;, time: &apos;2016-06-30 19:26:09&apos;
System info: host: &apos;Kaligor-PC&apos;, ip: &apos;192.168.1.108&apos;, os.name: &apos;Windows 8.1&apos;, os.arch: &apos;amd64&apos;, os.version: &apos;6.3&apos;, java.version: &apos;1.8.0_131&apos;
Driver info: driver.version: unknown
	at &lt;anonymous class&gt;.FirefoxDriver.prototype.findElementInternal_(file:///C:/Users/Kaligor/AppData/Local/Temp/anonymous7273119934062781285webdriver-profile/extensions/fxdriver@googlecode.com/components/driver-component.js:10770)
	at &lt;anonymous class&gt;.fxdriver.Timer.prototype.setTimeout/&lt;.notify(file:///C:/Users/Kaligor/AppData/Local/Temp/anonymous7273119934062781285webdriver-profile/extensions/fxdriver@googlecode.com/components/driver-component.js:625)
... Removed 18 stack frames</div></td></tr></table><p class="totop"><a href="#summary">back to summary</a></p><h3 id="m5">swd_tests_yandex_mail_page_object.YandexSimpleTests#checkDeleteAllLetter</h3><table class="result"></table><p class="totop"><a href="#summary">back to summary</a></p><h3 id="m6">swd_tests_yandex_mail_page_object.YandexSimpleTests#checkLoginToYandex</h3><table class="result"></table><p class="totop"><a href="#summary">back to summary</a></p><h3 id="m7">swd_tests_yandex_mail_page_object.YandexSimpleTests#checkSendAllLetter</h3><table class="result"></table><p class="totop"><a href="#summary">back to summary</a></p><h3 id="m8">swd_tests_yandex_mail_page_object.YandexSimpleTests#checkSendCurrentLetter</h3><table class="result"><tr class="param"><th>Parameter #1</th></tr><tr class="param stripe"><td>[Kaligor007@gmail.com, Danger, Don&apos;t read this letter!!!Seriously!!!Don&apos;t read this letter!!!]</td></tr></table><p class="totop"><a href="#summary">back to summary</a></p><h3 id="m9">swd_tests_yandex_mail_page_object.YandexSimpleTests#checkSendCurrentLetter</h3><table class="result"><tr class="param"><th>Parameter #1</th></tr><tr class="param stripe"><td>[Kaligor007@gmail.com, MegaDanger, You have seven days!!!]</td></tr></table><p class="totop"><a href="#summary">back to summary</a></p><h3 id="m10">swd_tests_yandex_mail_page_object.YandexSimpleTests#checkSentMessages</h3><table class="result"><tr class="param"><th>Parameter #1</th></tr><tr class="param stripe"><td>[Kaligor007@gmail.com, Danger, Don&apos;t read this letter!!!Seriously!!!Don&apos;t read this letter!!!]</td></tr></table><p class="totop"><a href="#summary">back to summary</a></p><h3 id="m11">swd_tests_yandex_mail_page_object.YandexSimpleTests#checkSentMessages</h3><table class="result"><tr class="param"><th>Parameter #1</th></tr><tr class="param stripe"><td>[Kaligor007@gmail.com, MegaDanger, You have seven days!!!]</td></tr></table><p class="totop"><a href="#summary">back to summary</a></p><h3 id="m12">swd_tests_yandex_mail_page_object.YandexSimpleTests#checkWriteSaveLetter</h3><table class="result"><tr class="param"><th>Parameter #1</th></tr><tr class="param stripe"><td>[Kaligor007@gmail.com, Danger, Don&apos;t read this letter!!!Seriously!!!Don&apos;t read this letter!!!]</td></tr></table><p class="totop"><a href="#summary">back to summary</a></p><h3 id="m13">swd_tests_yandex_mail_page_object.YandexSimpleTests#checkWriteSaveLetter</h3><table class="result"><tr class="param"><th>Parameter #1</th></tr><tr class="param stripe"><td>[Kaligor007@gmail.com, MegaDanger, You have seven days!!!]</td></tr></table><p class="totop"><a href="#summary">back to summary</a></p></body></html>